<?xml version="1.0" encoding="UTF-8"?>
<!-- Generated by org.testng.reporters.JUnitReportReporter -->
<testsuite hostname="DESKTOP-1UR5ED5" failures="0" tests="3" name="com.testng.AnnotationsProg" time="0.034" errors="0" timestamp="2023-04-12T16:20:23 IST" skipped="0">
  <testcase classname="com.testng.AnnotationsProg" name="test2" time="0.012"/>
  <system-out/>
  <testcase classname="com.testng.AnnotationsProg" name="test3" time="0.007"/>
  <system-out/>
  <testcase classname="com.testng.AnnotationsProg" name="test" time="0.015"/>
  <system-out/>
</testsuite> <!-- com.testng.AnnotationsProg -->
